<?xml version="1.0" encoding="UTF-8"?>
<testng-results skipped="0" failed="0" ignored="0" total="3" passed="3">
  <reporter-output>
  </reporter-output>
  <suite name="Default suite" duration-ms="60" started-at="2024-05-12T13:06:08 IST" finished-at="2024-05-12T13:06:08 IST">
    <groups>
    </groups>
    <test name="Default test" duration-ms="60" started-at="2024-05-12T13:06:08 IST" finished-at="2024-05-12T13:06:08 IST">
      <class name="testNg.DependsOnMethod">
        <test-method status="PASS" signature="test1()[pri:0, instance:testNg.DependsOnMethod@8e24743]" name="test1" duration-ms="9" started-at="2024-05-12T13:06:08 IST" description="The Test Case Verifies Test 1" finished-at="2024-05-12T13:06:08 IST">
          <reporter-output>
          </reporter-output>
        </test-method> <!-- test1 -->
        <test-method status="PASS" signature="test3()[pri:0, instance:testNg.DependsOnMethod@8e24743]" name="test3" duration-ms="2" started-at="2024-05-12T13:06:08 IST" finished-at="2024-05-12T13:06:08 IST">
          <reporter-output>
          </reporter-output>
        </test-method> <!-- test3 -->
        <test-method status="PASS" signature="test2()[pri:0, instance:testNg.DependsOnMethod@8e24743]" name="test2" duration-ms="1" started-at="2024-05-12T13:06:08 IST" depends-on-methods="testNg.DependsOnMethod.test1" finished-at="2024-05-12T13:06:08 IST">
          <reporter-output>
          </reporter-output>
        </test-method> <!-- test2 -->
      </class> <!-- testNg.DependsOnMethod -->
    </test> <!-- Default test -->
  </suite> <!-- Default suite -->
</testng-results>
