<?xml version="1.0" encoding="UTF-8"?>
<!-- Generated by org.testng.reporters.JUnitXMLReporter -->
<testsuite hostname="Vigneshs-MacBook-Air-3.local" ignored="0" name="Default test" tests="3" failures="0" timestamp="2024-05-12T13:06:08 IST" time="0.06" errors="0">
  <testcase name="test1" time="0.009" classname="testNg.DependsOnMethod"/>
  <testcase name="test3" time="0.002" classname="testNg.DependsOnMethod"/>
  <testcase name="test2" time="0.001" classname="testNg.DependsOnMethod"/>
</testsuite> <!-- Default test -->
